<?xml version="1.0" encoding="UTF-8"?>
<testng-results skipped="0" failed="0" ignored="0" total="1" passed="1">
  <reporter-output>
  </reporter-output>
  <suite name="Default suite" duration-ms="15070" started-at="2019-03-04T16:37:35Z" finished-at="2019-03-04T16:37:50Z">
    <groups>
    </groups>
    <test name="Default test" duration-ms="15070" started-at="2019-03-04T16:37:35Z" finished-at="2019-03-04T16:37:50Z">
      <class name="com.Test.Selenium">
        <test-method status="PASS" signature="init()[pri:0, instance:com.Test.Selenium@7c16905e]" name="init" is-config="true" duration-ms="3736" started-at="2019-03-04T16:37:35Z" finished-at="2019-03-04T16:37:39Z">
          <reporter-output>
          </reporter-output>
        </test-method> <!-- init -->
        <test-method status="PASS" signature="profilecreation()[pri:0, instance:com.Test.Selenium@7c16905e]" name="profilecreation" duration-ms="10473" started-at="2019-03-04T16:37:39Z" finished-at="2019-03-04T16:37:50Z">
          <reporter-output>
          </reporter-output>
        </test-method> <!-- profilecreation -->
        <test-method status="PASS" signature="closeBrowser()[pri:0, instance:com.Test.Selenium@7c16905e]" name="closeBrowser" is-config="true" duration-ms="814" started-at="2019-03-04T16:37:50Z" finished-at="2019-03-04T16:37:50Z">
          <reporter-output>
          </reporter-output>
        </test-method> <!-- closeBrowser -->
      </class> <!-- com.Test.Selenium -->
    </test> <!-- Default test -->
  </suite> <!-- Default suite -->
</testng-results>
