<?xml version="1.0" encoding="UTF-8"?>
<testng-results skipped="0" failed="0" ignored="0" total="1" passed="1">
  <reporter-output>
  </reporter-output>
  <suite name="Default suite" duration-ms="20380" started-at="2019-03-04T20:30:36Z" finished-at="2019-03-04T20:30:56Z">
    <groups>
    </groups>
    <test name="Default test" duration-ms="20380" started-at="2019-03-04T20:30:36Z" finished-at="2019-03-04T20:30:56Z">
      <class name="com.Test.qa.selenium.Testbe2">
        <test-method status="PASS" signature="init()[pri:0, instance:com.Test.qa.selenium.Testbe2@7c16905e]" name="init" is-config="true" duration-ms="3720" started-at="2019-03-04T20:30:36Z" finished-at="2019-03-04T20:30:40Z">
          <reporter-output>
          </reporter-output>
        </test-method> <!-- init -->
        <test-method status="PASS" signature="profileVerification()[pri:0, instance:com.Test.qa.selenium.Testbe2@7c16905e]" name="profileVerification" duration-ms="15726" started-at="2019-03-04T20:30:40Z" finished-at="2019-03-04T20:30:55Z">
          <reporter-output>
          </reporter-output>
        </test-method> <!-- profileVerification -->
        <test-method status="PASS" signature="closeBrowser()[pri:0, instance:com.Test.qa.selenium.Testbe2@7c16905e]" name="closeBrowser" is-config="true" duration-ms="887" started-at="2019-03-04T20:30:55Z" finished-at="2019-03-04T20:30:56Z">
          <reporter-output>
          </reporter-output>
        </test-method> <!-- closeBrowser -->
      </class> <!-- com.Test.qa.selenium.Testbe2 -->
    </test> <!-- Default test -->
  </suite> <!-- Default suite -->
</testng-results>
